<?xml version="1.0" encoding="UTF-8"?>
<coverage generated="1764679344841" clover="3.2.0">
  <project timestamp="1764679344842" name="All files">
    <metrics statements="81" coveredstatements="70" conditionals="58" coveredconditionals="45" methods="16" coveredmethods="15" elements="155" coveredelements="130" complexity="0" loc="81" ncloc="81" packages="1" files="1" classes="1"/>
    <file name="app.js" path="C:\Users\asus\Desktop\work\stage\gestino_des_villes\app.js">
      <metrics statements="81" coveredstatements="70" conditionals="58" coveredconditionals="45" methods="16" coveredmethods="15"/>
      <line num="1" count="2" type="stmt"/>
      <line num="2" count="2" type="stmt"/>
      <line num="3" count="2" type="stmt"/>
      <line num="4" count="2" type="stmt"/>
      <line num="5" count="2" type="stmt"/>
      <line num="7" count="2" type="stmt"/>
      <line num="8" count="2" type="cond" truecount="2" falsecount="0"/>
      <line num="11" count="2" type="stmt"/>
      <line num="12" count="2" type="stmt"/>
      <line num="13" count="2" type="stmt"/>
      <line num="14" count="2" type="stmt"/>
      <line num="17" count="2" type="stmt"/>
      <line num="25" count="2" type="stmt"/>
      <line num="26" count="2" type="cond" truecount="1" falsecount="1"/>
      <line num="27" count="0" type="stmt"/>
      <line num="28" count="0" type="stmt"/>
      <line num="30" count="2" type="stmt"/>
      <line num="36" count="2" type="stmt"/>
      <line num="37" count="1" type="stmt"/>
      <line num="38" count="1" type="stmt"/>
      <line num="39" count="1" type="cond" truecount="1" falsecount="1"/>
      <line num="40" count="0" type="stmt"/>
      <line num="44" count="1" type="stmt"/>
      <line num="49" count="2" type="stmt"/>
      <line num="50" count="2" type="stmt"/>
      <line num="51" count="2" type="stmt"/>
      <line num="52" count="2" type="stmt"/>
      <line num="53" count="2" type="cond" truecount="1" falsecount="1"/>
      <line num="54" count="0" type="stmt"/>
      <line num="58" count="2" type="cond" truecount="2" falsecount="0"/>
      <line num="59" count="1" type="stmt"/>
      <line num="61" count="1" type="stmt"/>
      <line num="66" count="2" type="stmt"/>
      <line num="67" count="12" type="stmt"/>
      <line num="70" count="12" type="cond" truecount="4" falsecount="0"/>
      <line num="71" count="6" type="stmt"/>
      <line num="77" count="6" type="stmt"/>
      <line num="78" count="6" type="cond" truecount="2" falsecount="0"/>
      <line num="82" count="6" type="stmt"/>
      <line num="93" count="6" type="cond" truecount="1" falsecount="1"/>
      <line num="94" count="0" type="stmt"/>
      <line num="98" count="6" type="stmt"/>
      <line num="111" count="2" type="stmt"/>
      <line num="112" count="1" type="stmt"/>
      <line num="113" count="1" type="stmt"/>
      <line num="116" count="1" type="stmt"/>
      <line num="117" count="1" type="cond" truecount="1" falsecount="1"/>
      <line num="121" count="1" type="stmt"/>
      <line num="125" count="1" type="cond" truecount="1" falsecount="1"/>
      <line num="126" count="0" type="stmt"/>
      <line num="130" count="1" type="cond" truecount="1" falsecount="1"/>
      <line num="131" count="0" type="stmt"/>
      <line num="133" count="1" type="stmt"/>
      <line num="141" count="2" type="stmt"/>
      <line num="142" count="2" type="stmt"/>
      <line num="143" count="2" type="stmt"/>
      <line num="145" count="2" type="stmt"/>
      <line num="146" count="2" type="cond" truecount="1" falsecount="1"/>
      <line num="147" count="0" type="stmt"/>
      <line num="151" count="2" type="cond" truecount="2" falsecount="0"/>
      <line num="152" count="1" type="stmt"/>
      <line num="154" count="1" type="stmt"/>
      <line num="159" count="2" type="stmt"/>
      <line num="160" count="1" type="stmt"/>
      <line num="161" count="1" type="stmt"/>
      <line num="162" count="1" type="cond" truecount="1" falsecount="1"/>
      <line num="163" count="0" type="stmt"/>
      <line num="167" count="1" type="stmt"/>
      <line num="172" count="2" type="stmt"/>
      <line num="173" count="3" type="stmt"/>
      <line num="175" count="3" type="cond" truecount="4" falsecount="0"/>
      <line num="176" count="2" type="stmt"/>
      <line num="182" count="1" type="stmt"/>
      <line num="183" count="1" type="cond" truecount="1" falsecount="1"/>
      <line num="186" count="1" type="stmt"/>
      <line num="190" count="1" type="cond" truecount="1" falsecount="1"/>
      <line num="191" count="0" type="stmt"/>
      <line num="195" count="1" type="stmt"/>
      <line num="204" count="2" type="stmt"/>
      <line num="205" count="0" type="stmt"/>
      <line num="211" count="2" type="stmt"/>
    </file>
  </project>
</coverage>
