{"C:\\Users\\asus\\Desktop\\work\\stage\\gestino_des_villes\\app.js": {"path":"C:\\Users\\asus\\Desktop\\work\\stage\\gestino_des_villes\\app.js","statementMap":{"0":{"start":{"line":1,"column":16},"end":{"line":1,"column":34}},"1":{"start":{"line":2,"column":14},"end":{"line":2,"column":31}},"2":{"start":{"line":3,"column":13},"end":{"line":3,"column":28}},"3":{"start":{"line":4,"column":13},"end":{"line":4,"column":28}},"4":{"start":{"line":5,"column":0},"end":{"line":5,"column":27}},"5":{"start":{"line":7,"column":12},"end":{"line":7,"column":21}},"6":{"start":{"line":8,"column":13},"end":{"line":8,"column":37}},"7":{"start":{"line":11,"column":0},"end":{"line":11,"column":16}},"8":{"start":{"line":12,"column":0},"end":{"line":12,"column":24}},"9":{"start":{"line":13,"column":0},"end":{"line":13,"column":48}},"10":{"start":{"line":14,"column":0},"end":{"line":14,"column":34}},"11":{"start":{"line":17,"column":11},"end":{"line":22,"column":2}},"12":{"start":{"line":25,"column":0},"end":{"line":31,"column":3}},"13":{"start":{"line":26,"column":2},"end":{"line":29,"column":3}},"14":{"start":{"line":27,"column":4},"end":{"line":27,"column":68}},"15":{"start":{"line":28,"column":4},"end":{"line":28,"column":11}},"16":{"start":{"line":30,"column":2},"end":{"line":30,"column":53}},"17":{"start":{"line":36,"column":0},"end":{"line":46,"column":3}},"18":{"start":{"line":37,"column":16},"end":{"line":37,"column":62}},"19":{"start":{"line":38,"column":2},"end":{"line":45,"column":5}},"20":{"start":{"line":39,"column":4},"end":{"line":43,"column":5}},"21":{"start":{"line":40,"column":6},"end":{"line":42,"column":70}},"22":{"start":{"line":44,"column":4},"end":{"line":44,"column":22}},"23":{"start":{"line":49,"column":0},"end":{"line":63,"column":3}},"24":{"start":{"line":50,"column":17},"end":{"line":50,"column":27}},"25":{"start":{"line":51,"column":16},"end":{"line":51,"column":50}},"26":{"start":{"line":52,"column":2},"end":{"line":62,"column":5}},"27":{"start":{"line":53,"column":4},"end":{"line":57,"column":5}},"28":{"start":{"line":54,"column":6},"end":{"line":56,"column":71}},"29":{"start":{"line":58,"column":4},"end":{"line":60,"column":5}},"30":{"start":{"line":59,"column":6},"end":{"line":59,"column":66}},"31":{"start":{"line":61,"column":4},"end":{"line":61,"column":25}},"32":{"start":{"line":66,"column":0},"end":{"line":108,"column":3}},"33":{"start":{"line":67,"column":65},"end":{"line":67,"column":73}},"34":{"start":{"line":70,"column":2},"end":{"line":74,"column":3}},"35":{"start":{"line":71,"column":4},"end":{"line":73,"column":64}},"36":{"start":{"line":77,"column":4},"end":{"line":77,"column":102}},"37":{"start":{"line":78,"column":22},"end":{"line":80,"column":13}},"38":{"start":{"line":82,"column":2},"end":{"line":107,"column":4}},"39":{"start":{"line":93,"column":6},"end":{"line":97,"column":7}},"40":{"start":{"line":94,"column":8},"end":{"line":96,"column":69}},"41":{"start":{"line":98,"column":6},"end":{"line":105,"column":11}},"42":{"start":{"line":111,"column":0},"end":{"line":138,"column":3}},"43":{"start":{"line":112,"column":17},"end":{"line":112,"column":27}},"44":{"start":{"line":113,"column":65},"end":{"line":113,"column":73}},"45":{"start":{"line":116,"column":4},"end":{"line":116,"column":110}},"46":{"start":{"line":117,"column":22},"end":{"line":119,"column":13}},"47":{"start":{"line":121,"column":2},"end":{"line":137,"column":4}},"48":{"start":{"line":125,"column":6},"end":{"line":129,"column":7}},"49":{"start":{"line":126,"column":8},"end":{"line":128,"column":72}},"50":{"start":{"line":130,"column":6},"end":{"line":132,"column":7}},"51":{"start":{"line":131,"column":8},"end":{"line":131,"column":68}},"52":{"start":{"line":133,"column":6},"end":{"line":135,"column":9}},"53":{"start":{"line":141,"column":0},"end":{"line":156,"column":3}},"54":{"start":{"line":142,"column":17},"end":{"line":142,"column":27}},"55":{"start":{"line":143,"column":16},"end":{"line":143,"column":48}},"56":{"start":{"line":145,"column":2},"end":{"line":155,"column":5}},"57":{"start":{"line":146,"column":4},"end":{"line":150,"column":5}},"58":{"start":{"line":147,"column":6},"end":{"line":149,"column":70}},"59":{"start":{"line":151,"column":4},"end":{"line":153,"column":5}},"60":{"start":{"line":152,"column":6},"end":{"line":152,"column":66}},"61":{"start":{"line":154,"column":4},"end":{"line":154,"column":57}},"62":{"start":{"line":159,"column":0},"end":{"line":169,"column":3}},"63":{"start":{"line":160,"column":16},"end":{"line":160,"column":53}},"64":{"start":{"line":161,"column":2},"end":{"line":168,"column":5}},"65":{"start":{"line":162,"column":4},"end":{"line":166,"column":5}},"66":{"start":{"line":163,"column":6},"end":{"line":165,"column":67}},"67":{"start":{"line":167,"column":4},"end":{"line":167,"column":22}},"68":{"start":{"line":172,"column":0},"end":{"line":200,"column":3}},"69":{"start":{"line":173,"column":54},"end":{"line":173,"column":62}},"70":{"start":{"line":175,"column":2},"end":{"line":179,"column":3}},"71":{"start":{"line":176,"column":4},"end":{"line":178,"column":69}},"72":{"start":{"line":182,"column":4},"end":{"line":182,"column":83}},"73":{"start":{"line":183,"column":25},"end":{"line":185,"column":16}},"74":{"start":{"line":186,"column":2},"end":{"line":199,"column":4}},"75":{"start":{"line":190,"column":6},"end":{"line":194,"column":7}},"76":{"start":{"line":191,"column":8},"end":{"line":193,"column":67}},"77":{"start":{"line":195,"column":6},"end":{"line":197,"column":74}},"78":{"start":{"line":204,"column":0},"end":{"line":206,"column":3}},"79":{"start":{"line":205,"column":2},"end":{"line":205,"column":61}},"80":{"start":{"line":211,"column":0},"end":{"line":211,"column":21}}},"fnMap":{"0":{"name":"(anonymous_0)","decl":{"start":{"line":25,"column":11},"end":{"line":25,"column":12}},"loc":{"start":{"line":25,"column":20},"end":{"line":31,"column":1}},"line":25},"1":{"name":"(anonymous_1)","decl":{"start":{"line":36,"column":23},"end":{"line":36,"column":24}},"loc":{"start":{"line":36,"column":37},"end":{"line":46,"column":1}},"line":36},"2":{"name":"(anonymous_2)","decl":{"start":{"line":38,"column":18},"end":{"line":38,"column":19}},"loc":{"start":{"line":38,"column":36},"end":{"line":45,"column":3}},"line":38},"3":{"name":"(anonymous_3)","decl":{"start":{"line":49,"column":27},"end":{"line":49,"column":28}},"loc":{"start":{"line":49,"column":41},"end":{"line":63,"column":1}},"line":49},"4":{"name":"(anonymous_4)","decl":{"start":{"line":52,"column":24},"end":{"line":52,"column":25}},"loc":{"start":{"line":52,"column":42},"end":{"line":62,"column":3}},"line":52},"5":{"name":"(anonymous_5)","decl":{"start":{"line":66,"column":24},"end":{"line":66,"column":25}},"loc":{"start":{"line":66,"column":38},"end":{"line":108,"column":1}},"line":66},"6":{"name":"(anonymous_6)","decl":{"start":{"line":92,"column":4},"end":{"line":92,"column":5}},"loc":{"start":{"line":92,"column":22},"end":{"line":106,"column":5}},"line":92},"7":{"name":"(anonymous_7)","decl":{"start":{"line":111,"column":27},"end":{"line":111,"column":28}},"loc":{"start":{"line":111,"column":41},"end":{"line":138,"column":1}},"line":111},"8":{"name":"(anonymous_8)","decl":{"start":{"line":124,"column":4},"end":{"line":124,"column":5}},"loc":{"start":{"line":124,"column":22},"end":{"line":136,"column":5}},"line":124},"9":{"name":"(anonymous_9)","decl":{"start":{"line":141,"column":30},"end":{"line":141,"column":31}},"loc":{"start":{"line":141,"column":44},"end":{"line":156,"column":1}},"line":141},"10":{"name":"(anonymous_10)","decl":{"start":{"line":145,"column":24},"end":{"line":145,"column":25}},"loc":{"start":{"line":145,"column":42},"end":{"line":155,"column":3}},"line":145},"11":{"name":"(anonymous_11)","decl":{"start":{"line":159,"column":21},"end":{"line":159,"column":22}},"loc":{"start":{"line":159,"column":35},"end":{"line":169,"column":1}},"line":159},"12":{"name":"(anonymous_12)","decl":{"start":{"line":161,"column":18},"end":{"line":161,"column":19}},"loc":{"start":{"line":161,"column":36},"end":{"line":168,"column":3}},"line":161},"13":{"name":"(anonymous_13)","decl":{"start":{"line":172,"column":22},"end":{"line":172,"column":23}},"loc":{"start":{"line":172,"column":36},"end":{"line":200,"column":1}},"line":172},"14":{"name":"(anonymous_14)","decl":{"start":{"line":189,"column":4},"end":{"line":189,"column":5}},"loc":{"start":{"line":189,"column":22},"end":{"line":198,"column":5}},"line":189},"15":{"name":"(anonymous_15)","decl":{"start":{"line":204,"column":13},"end":{"line":204,"column":14}},"loc":{"start":{"line":204,"column":27},"end":{"line":206,"column":1}},"line":204}},"branchMap":{"0":{"loc":{"start":{"line":8,"column":13},"end":{"line":8,"column":37}},"type":"binary-expr","locations":[{"start":{"line":8,"column":13},"end":{"line":8,"column":29}},{"start":{"line":8,"column":33},"end":{"line":8,"column":37}}],"line":8},"1":{"loc":{"start":{"line":18,"column":8},"end":{"line":18,"column":42}},"type":"binary-expr","locations":[{"start":{"line":18,"column":8},"end":{"line":18,"column":27}},{"start":{"line":18,"column":31},"end":{"line":18,"column":42}}],"line":18},"2":{"loc":{"start":{"line":19,"column":8},"end":{"line":19,"column":37}},"type":"binary-expr","locations":[{"start":{"line":19,"column":8},"end":{"line":19,"column":27}},{"start":{"line":19,"column":31},"end":{"line":19,"column":37}}],"line":19},"3":{"loc":{"start":{"line":20,"column":12},"end":{"line":20,"column":41}},"type":"binary-expr","locations":[{"start":{"line":20,"column":12},"end":{"line":20,"column":35}},{"start":{"line":20,"column":39},"end":{"line":20,"column":41}}],"line":20},"4":{"loc":{"start":{"line":21,"column":12},"end":{"line":21,"column":55}},"type":"binary-expr","locations":[{"start":{"line":21,"column":12},"end":{"line":21,"column":31}},{"start":{"line":21,"column":35},"end":{"line":21,"column":55}}],"line":21},"5":{"loc":{"start":{"line":26,"column":2},"end":{"line":29,"column":3}},"type":"if","locations":[{"start":{"line":26,"column":2},"end":{"line":29,"column":3}},{"start":{},"end":{}}],"line":26},"6":{"loc":{"start":{"line":39,"column":4},"end":{"line":43,"column":5}},"type":"if","locations":[{"start":{"line":39,"column":4},"end":{"line":43,"column":5}},{"start":{},"end":{}}],"line":39},"7":{"loc":{"start":{"line":53,"column":4},"end":{"line":57,"column":5}},"type":"if","locations":[{"start":{"line":53,"column":4},"end":{"line":57,"column":5}},{"start":{},"end":{}}],"line":53},"8":{"loc":{"start":{"line":58,"column":4},"end":{"line":60,"column":5}},"type":"if","locations":[{"start":{"line":58,"column":4},"end":{"line":60,"column":5}},{"start":{},"end":{}}],"line":58},"9":{"loc":{"start":{"line":70,"column":2},"end":{"line":74,"column":3}},"type":"if","locations":[{"start":{"line":70,"column":2},"end":{"line":74,"column":3}},{"start":{},"end":{}}],"line":70},"10":{"loc":{"start":{"line":70,"column":6},"end":{"line":70,"column":22}},"type":"binary-expr","locations":[{"start":{"line":70,"column":6},"end":{"line":70,"column":11}},{"start":{"line":70,"column":15},"end":{"line":70,"column":22}}],"line":70},"11":{"loc":{"start":{"line":78,"column":22},"end":{"line":80,"column":13}},"type":"cond-expr","locations":[{"start":{"line":79,"column":6},"end":{"line":79,"column":29}},{"start":{"line":80,"column":6},"end":{"line":80,"column":13}}],"line":78},"12":{"loc":{"start":{"line":87,"column":6},"end":{"line":87,"column":19}},"type":"binary-expr","locations":[{"start":{"line":87,"column":6},"end":{"line":87,"column":11}},{"start":{"line":87,"column":15},"end":{"line":87,"column":19}}],"line":87},"13":{"loc":{"start":{"line":88,"column":6},"end":{"line":88,"column":25}},"type":"binary-expr","locations":[{"start":{"line":88,"column":6},"end":{"line":88,"column":17}},{"start":{"line":88,"column":21},"end":{"line":88,"column":25}}],"line":88},"14":{"loc":{"start":{"line":89,"column":6},"end":{"line":89,"column":21}},"type":"binary-expr","locations":[{"start":{"line":89,"column":6},"end":{"line":89,"column":13}},{"start":{"line":89,"column":17},"end":{"line":89,"column":21}}],"line":89},"15":{"loc":{"start":{"line":90,"column":6},"end":{"line":90,"column":25}},"type":"binary-expr","locations":[{"start":{"line":90,"column":6},"end":{"line":90,"column":17}},{"start":{"line":90,"column":21},"end":{"line":90,"column":25}}],"line":90},"16":{"loc":{"start":{"line":93,"column":6},"end":{"line":97,"column":7}},"type":"if","locations":[{"start":{"line":93,"column":6},"end":{"line":97,"column":7}},{"start":{},"end":{}}],"line":93},"17":{"loc":{"start":{"line":117,"column":22},"end":{"line":119,"column":13}},"type":"cond-expr","locations":[{"start":{"line":118,"column":6},"end":{"line":118,"column":29}},{"start":{"line":119,"column":6},"end":{"line":119,"column":13}}],"line":117},"18":{"loc":{"start":{"line":125,"column":6},"end":{"line":129,"column":7}},"type":"if","locations":[{"start":{"line":125,"column":6},"end":{"line":129,"column":7}},{"start":{},"end":{}}],"line":125},"19":{"loc":{"start":{"line":130,"column":6},"end":{"line":132,"column":7}},"type":"if","locations":[{"start":{"line":130,"column":6},"end":{"line":132,"column":7}},{"start":{},"end":{}}],"line":130},"20":{"loc":{"start":{"line":146,"column":4},"end":{"line":150,"column":5}},"type":"if","locations":[{"start":{"line":146,"column":4},"end":{"line":150,"column":5}},{"start":{},"end":{}}],"line":146},"21":{"loc":{"start":{"line":151,"column":4},"end":{"line":153,"column":5}},"type":"if","locations":[{"start":{"line":151,"column":4},"end":{"line":153,"column":5}},{"start":{},"end":{}}],"line":151},"22":{"loc":{"start":{"line":162,"column":4},"end":{"line":166,"column":5}},"type":"if","locations":[{"start":{"line":162,"column":4},"end":{"line":166,"column":5}},{"start":{},"end":{}}],"line":162},"23":{"loc":{"start":{"line":175,"column":2},"end":{"line":179,"column":3}},"type":"if","locations":[{"start":{"line":175,"column":2},"end":{"line":179,"column":3}},{"start":{},"end":{}}],"line":175},"24":{"loc":{"start":{"line":175,"column":6},"end":{"line":175,"column":27}},"type":"binary-expr","locations":[{"start":{"line":175,"column":6},"end":{"line":175,"column":15}},{"start":{"line":175,"column":19},"end":{"line":175,"column":27}}],"line":175},"25":{"loc":{"start":{"line":183,"column":25},"end":{"line":185,"column":16}},"type":"cond-expr","locations":[{"start":{"line":184,"column":6},"end":{"line":184,"column":32}},{"start":{"line":185,"column":6},"end":{"line":185,"column":16}}],"line":183},"26":{"loc":{"start":{"line":188,"column":24},"end":{"line":188,"column":46}},"type":"binary-expr","locations":[{"start":{"line":188,"column":24},"end":{"line":188,"column":38}},{"start":{"line":188,"column":42},"end":{"line":188,"column":46}}],"line":188},"27":{"loc":{"start":{"line":188,"column":48},"end":{"line":188,"column":64}},"type":"binary-expr","locations":[{"start":{"line":188,"column":48},"end":{"line":188,"column":56}},{"start":{"line":188,"column":60},"end":{"line":188,"column":64}}],"line":188},"28":{"loc":{"start":{"line":190,"column":6},"end":{"line":194,"column":7}},"type":"if","locations":[{"start":{"line":190,"column":6},"end":{"line":194,"column":7}},{"start":{},"end":{}}],"line":190}},"s":{"0":2,"1":2,"2":2,"3":2,"4":2,"5":2,"6":2,"7":2,"8":2,"9":2,"10":2,"11":2,"12":2,"13":2,"14":0,"15":0,"16":2,"17":2,"18":1,"19":1,"20":1,"21":0,"22":1,"23":2,"24":2,"25":2,"26":2,"27":2,"28":0,"29":2,"30":1,"31":1,"32":2,"33":12,"34":12,"35":6,"36":6,"37":6,"38":6,"39":6,"40":0,"41":6,"42":2,"43":1,"44":1,"45":1,"46":1,"47":1,"48":1,"49":0,"50":1,"51":0,"52":1,"53":2,"54":2,"55":2,"56":2,"57":2,"58":0,"59":2,"60":1,"61":1,"62":2,"63":1,"64":1,"65":1,"66":0,"67":1,"68":2,"69":3,"70":3,"71":2,"72":1,"73":1,"74":1,"75":1,"76":0,"77":1,"78":2,"79":0,"80":2},"f":{"0":2,"1":1,"2":1,"3":2,"4":2,"5":12,"6":6,"7":1,"8":1,"9":2,"10":2,"11":1,"12":1,"13":3,"14":1,"15":0},"b":{"0":[2,2],"1":[2,2],"2":[2,2],"3":[2,2],"4":[2,2],"5":[0,2],"6":[0,1],"7":[0,2],"8":[1,1],"9":[6,6],"10":[12,8],"11":[1,5],"12":[6,5],"13":[6,5],"14":[6,5],"15":[6,5],"16":[0,6],"17":[0,1],"18":[0,1],"19":[0,1],"20":[0,2],"21":[1,1],"22":[0,1],"23":[2,1],"24":[3,2],"25":[1,0],"26":[1,0],"27":[1,0],"28":[0,1]},"_coverageSchema":"1a1c01bbd47fc00a2c39e90264f33305004495a9","hash":"1897be99e84d813f05eb5d83b9eb4d0f74c4e11c"}
}
