TN:
SF:app.js
FN:25,(anonymous_0)
FN:36,(anonymous_1)
FN:38,(anonymous_2)
FN:49,(anonymous_3)
FN:52,(anonymous_4)
FN:66,(anonymous_5)
FN:92,(anonymous_6)
FN:111,(anonymous_7)
FN:124,(anonymous_8)
FN:141,(anonymous_9)
FN:145,(anonymous_10)
FN:159,(anonymous_11)
FN:161,(anonymous_12)
FN:172,(anonymous_13)
FN:189,(anonymous_14)
FN:204,(anonymous_15)
FNF:16
FNH:15
FNDA:2,(anonymous_0)
FNDA:1,(anonymous_1)
FNDA:1,(anonymous_2)
FNDA:2,(anonymous_3)
FNDA:2,(anonymous_4)
FNDA:12,(anonymous_5)
FNDA:6,(anonymous_6)
FNDA:1,(anonymous_7)
FNDA:1,(anonymous_8)
FNDA:2,(anonymous_9)
FNDA:2,(anonymous_10)
FNDA:1,(anonymous_11)
FNDA:1,(anonymous_12)
FNDA:3,(anonymous_13)
FNDA:1,(anonymous_14)
FNDA:0,(anonymous_15)
DA:1,2
DA:2,2
DA:3,2
DA:4,2
DA:5,2
DA:7,2
DA:8,2
DA:11,2
DA:12,2
DA:13,2
DA:14,2
DA:17,2
DA:25,2
DA:26,2
DA:27,0
DA:28,0
DA:30,2
DA:36,2
DA:37,1
DA:38,1
DA:39,1
DA:40,0
DA:44,1
DA:49,2
DA:50,2
DA:51,2
DA:52,2
DA:53,2
DA:54,0
DA:58,2
DA:59,1
DA:61,1
DA:66,2
DA:67,12
DA:70,12
DA:71,6
DA:77,6
DA:78,6
DA:82,6
DA:93,6
DA:94,0
DA:98,6
DA:111,2
DA:112,1
DA:113,1
DA:116,1
DA:117,1
DA:121,1
DA:125,1
DA:126,0
DA:130,1
DA:131,0
DA:133,1
DA:141,2
DA:142,2
DA:143,2
DA:145,2
DA:146,2
DA:147,0
DA:151,2
DA:152,1
DA:154,1
DA:159,2
DA:160,1
DA:161,1
DA:162,1
DA:163,0
DA:167,1
DA:172,2
DA:173,3
DA:175,3
DA:176,2
DA:182,1
DA:183,1
DA:186,1
DA:190,1
DA:191,0
DA:195,1
DA:204,2
DA:205,0
DA:211,2
LF:81
LH:70
BRDA:8,0,0,2
BRDA:8,0,1,2
BRDA:18,1,0,2
BRDA:18,1,1,2
BRDA:19,2,0,2
BRDA:19,2,1,2
BRDA:20,3,0,2
BRDA:20,3,1,2
BRDA:21,4,0,2
BRDA:21,4,1,2
BRDA:26,5,0,0
BRDA:26,5,1,2
BRDA:39,6,0,0
BRDA:39,6,1,1
BRDA:53,7,0,0
BRDA:53,7,1,2
BRDA:58,8,0,1
BRDA:58,8,1,1
BRDA:70,9,0,6
BRDA:70,9,1,6
BRDA:70,10,0,12
BRDA:70,10,1,8
BRDA:78,11,0,1
BRDA:78,11,1,5
BRDA:87,12,0,6
BRDA:87,12,1,5
BRDA:88,13,0,6
BRDA:88,13,1,5
BRDA:89,14,0,6
BRDA:89,14,1,5
BRDA:90,15,0,6
BRDA:90,15,1,5
BRDA:93,16,0,0
BRDA:93,16,1,6
BRDA:117,17,0,0
BRDA:117,17,1,1
BRDA:125,18,0,0
BRDA:125,18,1,1
BRDA:130,19,0,0
BRDA:130,19,1,1
BRDA:146,20,0,0
BRDA:146,20,1,2
BRDA:151,21,0,1
BRDA:151,21,1,1
BRDA:162,22,0,0
BRDA:162,22,1,1
BRDA:175,23,0,2
BRDA:175,23,1,1
BRDA:175,24,0,3
BRDA:175,24,1,2
BRDA:183,25,0,1
BRDA:183,25,1,0
BRDA:188,26,0,1
BRDA:188,26,1,0
BRDA:188,27,0,1
BRDA:188,27,1,0
BRDA:190,28,0,0
BRDA:190,28,1,1
BRF:58
BRH:45
end_of_record
